app/build/intermediates/manifest_merge_blame_file/debug/manifest-merger-blame-debug-report.txt
1<?xml version="1.0" encoding="utf-8"?>
2<manifest xmlns:android="http://schemas.android.com/apk/res/android"
3    package="com.app.portal"
4    android:versionCode="1"
5    android:versionName="1.0" >
6
7    <uses-sdk
8        android:minSdkVersion="24"
9        android:targetSdkVersion="34" />
10
11    <uses-permission android:name="android.permission.INTERNET" />
11-->src/main/AndroidManifest.xml:4:5-67
11-->src/main/AndroidManifest.xml:4:22-64
12    <uses-permission android:name="android.permission.ACCESS_NETWORK_STATE" />
12-->src/main/AndroidManifest.xml:5:5-79
12-->src/main/AndroidManifest.xml:5:22-76
13
14    <permission
14-->[androidx.core:core:1.12.0] AndroidManifest.xml:22:5-24:47
15        android:name="com.app.portal.DYNAMIC_RECEIVER_NOT_EXPORTED_PERMISSION"
15-->[androidx.core:core:1.12.0] AndroidManifest.xml:23:9-81
16        android:protectionLevel="signature" />
16-->[androidx.core:core:1.12.0] AndroidManifest.xml:24:9-44
17
18    <uses-permission android:name="com.app.portal.DYNAMIC_RECEIVER_NOT_EXPORTED_PERMISSION" />
18-->[androidx.core:core:1.12.0] AndroidManifest.xml:26:5-97
18-->[androidx.core:core:1.12.0] AndroidManifest.xml:26:22-94
19
20    <application
20-->src/main/AndroidManifest.xml:7:5-31:19
21        android:allowBackup="true"
21-->src/main/AndroidManifest.xml:8:9-35
22        android:appComponentFactory="androidx.core.app.CoreComponentFactory"
22-->[androidx.core:core:1.12.0] AndroidManifest.xml:28:18-86
23        android:debuggable="true"
24        android:extractNativeLibs="false"
25        android:label="Portal Data Siswa"
25-->src/main/AndroidManifest.xml:9:9-42
26        android:supportsRtl="true"
26-->src/main/AndroidManifest.xml:10:9-35
27        android:theme="@android:style/Theme.Material.NoTitleBar.Fullscreen"
27-->src/main/AndroidManifest.xml:11:9-76
28        android:usesCleartextTraffic="true" >
28-->src/main/AndroidManifest.xml:12:9-44
29        <activity
29-->src/main/AndroidManifest.xml:14:9-23:20
30            android:name="com.app.portal.ui.LoginActivity"
30-->src/main/AndroidManifest.xml:15:13-45
31            android:configChanges="orientation|screenSize|keyboardHidden"
31-->src/main/AndroidManifest.xml:16:13-74
32            android:exported="true"
32-->src/main/AndroidManifest.xml:17:13-36
33            android:windowSoftInputMode="adjustResize" >
33-->src/main/AndroidManifest.xml:18:13-55
34            <intent-filter>
34-->src/main/AndroidManifest.xml:19:13-22:29
35                <action android:name="android.intent.action.MAIN" />
35-->src/main/AndroidManifest.xml:20:17-69
35-->src/main/AndroidManifest.xml:20:25-66
36
37                <category android:name="android.intent.category.LAUNCHER" />
37-->src/main/AndroidManifest.xml:21:17-77
37-->src/main/AndroidManifest.xml:21:27-74
38            </intent-filter>
39        </activity>
40        <activity
40-->src/main/AndroidManifest.xml:25:9-29:58
41            android:name="com.app.portal.ui.RegisterActivity"
41-->src/main/AndroidManifest.xml:26:13-48
42            android:configChanges="orientation|screenSize|keyboardHidden"
42-->src/main/AndroidManifest.xml:27:13-74
43            android:exported="false"
43-->src/main/AndroidManifest.xml:28:13-37
44            android:windowSoftInputMode="adjustResize" />
44-->src/main/AndroidManifest.xml:29:13-55
45    </application>
46
47</manifest>